<?xml version="1.0" encoding="UTF-8"?>
<testng-results ignored="0" total="1" passed="1" failed="0" skipped="0">
  <reporter-output>
  </reporter-output>
  <suite started-at="2025-07-24T11:13:16 IST" name="Gradle suite" finished-at="2025-07-24T11:13:41 IST" duration-ms="25020">
    <groups>
    </groups>
    <test started-at="2025-07-24T11:13:16 IST" name="Gradle test" finished-at="2025-07-24T11:13:41 IST" duration-ms="25020">
      <class name="qkart.TestCase">
        <test-method is-config="true" signature="setup()[pri:0, instance:qkart.TestCase@341814d3]" started-at="2025-07-24T11:13:16 IST" name="setup" finished-at="2025-07-24T11:13:24 IST" duration-ms="7655" status="PASS">
          <reporter-output>
          </reporter-output>
        </test-method> <!-- setup -->
        <test-method signature="TestCase01()[pri:0, instance:qkart.TestCase@341814d3]" started-at="2025-07-24T11:13:24 IST" name="TestCase01" description="Verify that a new user can add product to cart and Checkout" finished-at="2025-07-24T11:13:41 IST" duration-ms="17295" status="PASS">
          <reporter-output>
          </reporter-output>
        </test-method> <!-- TestCase01 -->
      </class> <!-- qkart.TestCase -->
    </test> <!-- Gradle test -->
  </suite> <!-- Gradle suite -->
</testng-results>
